<?xml version="1.0" encoding="UTF-8"?>
<!-- Generated by org.testng.reporters.JUnitReportReporter -->
<testsuite skipped="0" hostname="impc1926a" name="testcases.BlankSearch" tests="1" failures="0" timestamp="23 Nov 2017 07:00:14 GMT" time="41.465" errors="0">
  <testcase name="searchBlank" time="41.465" classname="testcases.BlankSearch"/>
</testsuite> <!-- testcases.BlankSearch -->
